TN:
SF:src/auth-lib.ts
FN:7,(anonymous_0)
FN:11,(anonymous_1)
FN:15,(anonymous_2)
FN:19,(anonymous_3)
FNF:4
FNH:4
FNDA:45,(anonymous_0)
FNDA:8,(anonymous_1)
FNDA:24,(anonymous_2)
FNDA:25,(anonymous_3)
DA:1,3
DA:4,3
DA:8,45
DA:12,8
DA:16,24
DA:20,25
LF:6
LH:6
BRF:0
BRH:0
end_of_record
TN:
SF:src/jwt-service.ts
FN:8,(anonymous_9)
FN:15,(anonymous_10)
FN:27,(anonymous_11)
FN:42,(anonymous_12)
FNF:4
FNH:4
FNDA:70,(anonymous_9)
FNDA:28,(anonymous_10)
FNDA:10,(anonymous_11)
FNDA:30,(anonymous_12)
DA:1,4
DA:4,4
DA:6,70
DA:9,70
DA:10,4
DA:12,66
DA:16,28
DA:17,28
DA:21,28
DA:23,2
DA:28,10
DA:29,10
DA:30,5
DA:32,5
DA:33,1
DA:35,4
DA:36,2
DA:38,2
DA:43,30
DA:44,30
DA:46,2
LF:21
LH:21
BRDA:9,0,0,4
BRDA:23,1,0,1
BRDA:23,1,1,1
BRDA:32,2,0,1
BRDA:35,3,0,2
BRDA:38,4,0,1
BRDA:38,4,1,1
BRF:7
BRH:7
end_of_record
