TN:
SF:libs/auth-lib/src/auth-lib.ts
FN:7,(anonymous_0)
FN:11,(anonymous_1)
FN:15,(anonymous_2)
FN:20,(anonymous_3)
FNF:4
FNH:4
FNDA:45,(anonymous_0)
FNDA:8,(anonymous_1)
FNDA:24,(anonymous_2)
FNDA:25,(anonymous_3)
DA:1,3
DA:4,3
DA:8,45
DA:12,8
DA:16,24
DA:21,25
LF:6
LH:6
BRF:0
BRH:0
end_of_record
TN:
SF:libs/auth-lib/src/jwt-service.ts
FN:8,(anonymous_9)
FN:15,(anonymous_10)
FN:27,(anonymous_11)
FN:42,(anonymous_12)
FNF:4
FNH:4
FNDA:70,(anonymous_9)
FNDA:28,(anonymous_10)
FNDA:10,(anonymous_11)
FNDA:30,(anonymous_12)
DA:1,4
DA:4,4
DA:6,70
DA:9,70
DA:10,4
DA:12,66
DA:16,28
DA:17,28
DA:21,28
DA:23,2
DA:28,10
DA:29,10
DA:30,5
DA:32,5
DA:33,1
DA:35,4
DA:36,2
DA:38,2
DA:43,30
DA:44,30
DA:46,2
LF:21
LH:21
BRDA:9,0,0,4
BRDA:23,1,0,1
BRDA:23,1,1,1
BRDA:32,2,0,1
BRDA:35,3,0,2
BRDA:38,4,0,1
BRDA:38,4,1,1
BRF:7
BRH:7
end_of_record
TN:
SF:src/core/application/use-cases/create-employee.use-case.ts
FN:10,(anonymous_4)
FN:20,(anonymous_5)
FNF:2
FNH:2
FNDA:9,(anonymous_4)
FNDA:9,(anonymous_5)
DA:1,3
DA:3,3
DA:4,3
DA:7,3
DA:12,9
DA:14,9
DA:15,9
DA:16,1
DA:21,9
DA:22,2
DA:27,7
DA:28,7
DA:29,7
DA:30,2
DA:35,5
DA:36,5
DA:38,6
DA:39,3
LF:18
LH:18
BRDA:15,0,0,1
BRDA:21,1,0,2
BRDA:29,2,0,2
BRDA:38,3,0,3
BRDA:41,4,0,2
BRDA:41,4,1,1
BRF:6
BRH:6
end_of_record
TN:
SF:src/core/application/use-cases/create-jwt.use-cases.ts
FN:11,(anonymous_4)
FN:18,(anonymous_5)
FN:47,(anonymous_6)
FN:62,(anonymous_7)
FNF:4
FNH:4
FNDA:13,(anonymous_4)
FNDA:13,(anonymous_5)
FNDA:4,(anonymous_6)
FNDA:9,(anonymous_7)
DA:2,3
DA:6,3
DA:7,3
DA:10,3
DA:13,13
DA:15,13
DA:20,13
DA:21,4
DA:24,9
DA:25,5
DA:31,4
DA:33,4
DA:35,4
DA:42,4
DA:44,4
DA:48,4
DA:50,4
DA:57,4
DA:59,4
DA:63,9
LF:20
LH:20
BRDA:20,0,0,4
BRDA:20,1,0,13
BRDA:20,1,1,10
BRDA:24,2,0,5
BRDA:33,3,0,1
BRDA:33,3,1,3
BRDA:39,4,0,4
BRDA:39,4,1,3
BRDA:54,5,0,4
BRDA:54,5,1,2
BRF:10
BRH:10
end_of_record
TN:
SF:src/core/application/use-cases/delete-employee.use-case.ts
FN:9,(anonymous_4)
FN:19,(anonymous_5)
FNF:2
FNH:2
FNDA:9,(anonymous_4)
FNDA:9,(anonymous_5)
DA:1,3
DA:3,3
DA:6,3
DA:11,9
DA:13,9
DA:14,9
DA:15,1
DA:20,9
DA:21,2
DA:26,7
DA:27,7
DA:28,7
DA:29,2
DA:34,5
DA:36,6
DA:37,3
LF:16
LH:16
BRDA:14,0,0,1
BRDA:20,1,0,2
BRDA:28,2,0,2
BRDA:36,3,0,3
BRDA:39,4,0,2
BRDA:39,4,1,1
BRF:6
BRH:6
end_of_record
TN:
SF:src/core/application/use-cases/validate-jwt.use-case.ts
FN:7,(anonymous_4)
FN:12,(anonymous_5)
FNF:2
FNH:2
FNDA:5,(anonymous_4)
FNDA:4,(anonymous_5)
DA:1,3
DA:6,3
DA:9,5
DA:13,4
LF:4
LH:4
BRF:0
BRH:0
end_of_record
TN:
SF:src/core/domain/entities/user.entity.ts
FN:2,(anonymous_0)
FN:8,(anonymous_1)
FNF:2
FNH:2
FNDA:45,(anonymous_0)
FNDA:13,(anonymous_1)
DA:1,8
DA:3,45
DA:4,45
DA:5,45
DA:12,13
LF:5
LH:5
BRF:0
BRH:0
end_of_record
TN:
SF:src/core/domain/errors/app.error.ts
FN:13,(anonymous_0)
FN:32,(anonymous_1)
FN:40,(anonymous_2)
FN:48,(anonymous_3)
FN:56,(anonymous_4)
FN:64,(anonymous_5)
FN:72,(anonymous_6)
FNF:7
FNH:7
FNDA:75,(anonymous_0)
FNDA:6,(anonymous_1)
FNDA:21,(anonymous_2)
FNDA:10,(anonymous_3)
FNDA:9,(anonymous_4)
FNDA:6,(anonymous_5)
FNDA:18,(anonymous_6)
DA:1,10
DA:9,10
DA:19,75
DA:28,75
DA:29,75
DA:33,6
DA:41,21
DA:49,10
DA:57,9
DA:65,6
DA:73,18
LF:11
LH:11
BRDA:15,0,0,3
BRDA:16,1,0,3
BRF:2
BRH:2
end_of_record
TN:
SF:src/core/domain/errors/http.exception.ts
FN:8,(anonymous_0)
FN:32,(anonymous_1)
FNF:2
FNH:2
FNDA:11,(anonymous_0)
FNDA:101,(anonymous_1)
DA:8,11
DA:9,11
DA:10,11
DA:11,11
DA:12,11
DA:13,11
DA:14,11
DA:15,11
DA:16,11
DA:17,11
DA:18,11
DA:19,11
DA:20,11
DA:21,11
DA:22,11
DA:23,11
DA:24,11
DA:25,11
DA:28,11
DA:33,101
DA:35,101
DA:37,101
DA:38,21
DA:43,80
DA:46,101
LF:25
LH:25
BRDA:8,0,0,11
BRDA:8,0,1,11
BRDA:33,1,0,21
BRDA:33,1,1,80
BRDA:37,2,0,21
BRDA:37,2,1,80
BRF:6
BRH:6
end_of_record
TN:
SF:src/drivers/application/controllers/auth.controller.ts
FN:10,(anonymous_4)
FN:29,(anonymous_5)
FNF:2
FNH:2
FNDA:7,(anonymous_4)
FNDA:6,(anonymous_5)
DA:1,2
DA:2,2
DA:3,2
DA:4,2
DA:5,2
DA:9,2
DA:10,7
DA:29,2
DA:30,6
DA:35,4
LF:10
LH:10
BRF:0
BRH:0
end_of_record
TN:
SF:src/drivers/application/controllers/employees.controller.ts
FN:13,(anonymous_4)
FN:40,(anonymous_5)
FN:84,(anonymous_6)
FNF:3
FNH:3
FNDA:11,(anonymous_4)
FNDA:5,(anonymous_5)
FNDA:5,(anonymous_6)
DA:1,2
DA:4,2
DA:5,2
DA:6,2
DA:7,2
DA:8,2
DA:12,2
DA:14,11
DA:15,11
DA:40,2
DA:44,5
DA:50,2
DA:84,2
DA:88,5
DA:90,2
LF:15
LH:15
BRF:0
BRH:0
end_of_record
TN:
SF:src/drivers/application/controllers/validate.controller.ts
FN:10,(anonymous_4)
FN:38,(anonymous_5)
FNF:2
FNH:2
FNDA:8,(anonymous_4)
FNDA:7,(anonymous_5)
DA:1,2
DA:2,2
DA:3,2
DA:4,2
DA:9,2
DA:10,8
DA:38,2
DA:43,7
DA:44,7
DA:46,3
DA:52,4
LF:11
LH:11
BRF:0
BRH:0
end_of_record
TN:
SF:src/drivers/shared/validator.cpf.ts
FN:22,(anonymous_1)
FN:45,(anonymous_2)
FN:54,(anonymous_3)
FN:61,(anonymous_4)
FN:68,(anonymous_5)
FN:87,(anonymous_6)
FN:111,IsCPF
FN:112,(anonymous_8)
FNF:8
FNH:7
FNDA:52,(anonymous_1)
FNDA:5,(anonymous_2)
FNDA:52,(anonymous_3)
FNDA:40,(anonymous_4)
FNDA:40,(anonymous_5)
FNDA:43,(anonymous_6)
FNDA:2,IsCPF
FNDA:0,(anonymous_8)
DA:1,1
DA:7,1
DA:14,1
DA:15,1
DA:23,52
DA:24,12
DA:27,40
DA:29,40
DA:30,17
DA:33,23
DA:34,23
DA:35,3
DA:38,20
DA:39,20
DA:46,5
DA:55,52
DA:62,40
DA:69,40
DA:70,5
DA:74,35
DA:75,12
DA:78,23
DA:88,43
DA:90,43
DA:91,407
DA:94,43
DA:95,43
DA:97,43
DA:111,1
DA:112,2
DA:113,0
LF:31
LH:30
BRDA:23,0,0,12
BRDA:29,1,0,17
BRDA:34,2,0,3
BRDA:55,3,0,52
BRDA:55,3,1,42
BRDA:69,4,0,5
BRDA:74,5,0,12
BRDA:97,6,0,11
BRDA:97,6,1,32
BRF:9
BRH:9
end_of_record
TN:
SF:src/infrastructure/adapters/persistence/mappers/user.mapper.ts
FN:4,(anonymous_0)
FN:12,(anonymous_1)
FNF:2
FNH:2
FNDA:13,(anonymous_0)
FNDA:11,(anonymous_1)
DA:1,3
DA:3,3
DA:5,13
DA:13,11
LF:4
LH:4
BRDA:16,0,0,11
BRDA:16,0,1,5
BRF:2
BRH:2
end_of_record
TN:
SF:src/infrastructure/adapters/persistence/repositories/user.repository.ts
FN:9,(anonymous_2)
FN:11,(anonymous_3)
FN:18,(anonymous_4)
FN:25,(anonymous_5)
FN:31,(anonymous_6)
FNF:5
FNH:5
FNDA:13,(anonymous_2)
FNDA:3,(anonymous_3)
FNDA:3,(anonymous_4)
FNDA:3,(anonymous_5)
FNDA:3,(anonymous_6)
DA:1,2
DA:4,2
DA:5,2
DA:8,2
DA:9,13
DA:12,3
DA:15,2
DA:19,3
DA:22,2
DA:26,3
DA:32,3
DA:33,2
LF:12
LH:12
BRDA:22,0,0,1
BRDA:22,0,1,1
BRF:2
BRH:2
end_of_record
TN:
SF:src/infrastructure/adapters/services/jwt.service.ts
FN:12,(anonymous_11)
FN:19,(anonymous_12)
FN:34,(anonymous_13)
FN:56,(anonymous_14)
FNF:4
FNH:4
FNDA:20,(anonymous_11)
FNDA:6,(anonymous_12)
FNDA:9,(anonymous_13)
FNDA:3,(anonymous_14)
DA:1,2
DA:2,2
DA:5,2
DA:8,2
DA:10,20
DA:13,20
DA:14,20
DA:15,1
DA:20,6
DA:21,6
DA:25,6
DA:27,3
DA:35,9
DA:36,9
DA:37,2
DA:39,7
DA:40,2
DA:44,5
DA:45,2
DA:49,3
DA:57,3
DA:58,3
DA:60,1
LF:23
LH:23
BRDA:14,0,0,1
BRDA:29,1,0,2
BRDA:29,1,1,1
BRDA:39,2,0,2
BRDA:44,3,0,2
BRDA:51,4,0,2
BRDA:51,4,1,1
BRF:7
BRH:7
end_of_record
TN:
SF:src/infrastructure/config/database/prisma/prisma.service.ts
FN:9,(anonymous_2)
FN:16,(anonymous_3)
FN:20,(anonymous_4)
FNF:3
FNH:3
FNDA:7,(anonymous_2)
FNDA:1,(anonymous_3)
FNDA:2,(anonymous_4)
DA:1,3
DA:2,3
DA:5,3
DA:10,7
DA:17,1
DA:21,2
LF:6
LH:6
BRF:0
BRH:0
end_of_record
